app/build/intermediates/manifest_merge_blame_file/debug/manifest-merger-blame-debug-report.txt
1<?xml version="1.0" encoding="utf-8"?>
2<manifest xmlns:android="http://schemas.android.com/apk/res/android"
3    package="com.example.weighttracker"
4    android:versionCode="1"
5    android:versionName="1.0" >
6
7    <uses-sdk
8        android:minSdkVersion="28"
8-->src\main\AndroidManifest.xml
9        android:targetSdkVersion="33" />
9-->src\main\AndroidManifest.xml
10
11    <uses-permission android:name="android.permission.POST_NOTIFICATIONS" />
11-->src\main\AndroidManifest.xml:5:5-77
11-->src\main\AndroidManifest.xml:5:22-74
12    <uses-permission android:name="android.permission.INTERNET" />
12-->src\main\AndroidManifest.xml:6:5-67
12-->src\main\AndroidManifest.xml:6:22-64
13    <uses-permission android:name="android.permission.WAKE_LOCK" />
13-->src\main\AndroidManifest.xml:7:5-68
13-->src\main\AndroidManifest.xml:7:22-65
14    <uses-permission android:name="android.permission.ACCESS_NETWORK_STATE" /> <!-- Required by older versions of Google Play services to create IID tokens -->
14-->[com.google.firebase:firebase-messaging:23.1.0] AndroidManifest.xml:24:5-79
14-->[com.google.firebase:firebase-messaging:23.1.0] AndroidManifest.xml:24:22-76
15    <uses-permission android:name="com.google.android.c2dm.permission.RECEIVE" />
15-->[com.google.firebase:firebase-messaging:23.1.0] AndroidManifest.xml:28:5-82
15-->[com.google.firebase:firebase-messaging:23.1.0] AndroidManifest.xml:28:22-79
16
17    <permission
17-->[androidx.core:core:1.9.0] AndroidManifest.xml:22:5-24:47
18        android:name="com.example.weighttracker.DYNAMIC_RECEIVER_NOT_EXPORTED_PERMISSION"
18-->[androidx.core:core:1.9.0] AndroidManifest.xml:23:9-81
19        android:protectionLevel="signature" />
19-->[androidx.core:core:1.9.0] AndroidManifest.xml:24:9-44
20
21    <uses-permission android:name="com.example.weighttracker.DYNAMIC_RECEIVER_NOT_EXPORTED_PERMISSION" />
21-->[androidx.core:core:1.9.0] AndroidManifest.xml:26:5-97
21-->[androidx.core:core:1.9.0] AndroidManifest.xml:26:22-94
22
23    <application
23-->src\main\AndroidManifest.xml:9:5-30:19
24        android:allowBackup="true"
24-->src\main\AndroidManifest.xml:10:9-35
25        android:appComponentFactory="androidx.core.app.CoreComponentFactory"
25-->[androidx.core:core:1.9.0] AndroidManifest.xml:28:18-86
26        android:debuggable="true"
27        android:extractNativeLibs="false"
28        android:icon="@mipmap/ic_launcher"
28-->src\main\AndroidManifest.xml:11:9-43
29        android:label="ScaleMate"
29-->src\main\AndroidManifest.xml:12:9-34
30        android:roundIcon="@mipmap/ic_launcher_round"
30-->src\main\AndroidManifest.xml:13:9-54
31        android:supportsRtl="true"
31-->src\main\AndroidManifest.xml:14:9-35
32        android:testOnly="true"
33        android:theme="@style/Theme.WeightTracker" >
33-->src\main\AndroidManifest.xml:15:9-51
34        <activity android:name="com.example.weighttracker.AppSettings" />
34-->src\main\AndroidManifest.xml:17:9-49
34-->src\main\AndroidManifest.xml:17:19-46
35        <activity android:name="com.example.weighttracker.WeightHistory" />
35-->src\main\AndroidManifest.xml:18:9-51
35-->src\main\AndroidManifest.xml:18:19-48
36        <activity android:name="com.example.weighttracker.EditGoalWeight" />
36-->src\main\AndroidManifest.xml:19:9-52
36-->src\main\AndroidManifest.xml:19:19-49
37        <activity android:name="com.example.weighttracker.AddWeight" />
37-->src\main\AndroidManifest.xml:20:9-47
37-->src\main\AndroidManifest.xml:20:19-44
38        <activity
38-->src\main\AndroidManifest.xml:21:9-28:20
39            android:name="com.example.weighttracker.LoginPage"
39-->src\main\AndroidManifest.xml:21:19-44
40            android:exported="true" >
40-->src\main\AndroidManifest.xml:22:13-36
41            <intent-filter>
41-->src\main\AndroidManifest.xml:23:13-27:29
42                <action android:name="android.intent.action.MAIN" />
42-->src\main\AndroidManifest.xml:24:17-69
42-->src\main\AndroidManifest.xml:24:25-66
43
44                <category android:name="android.intent.category.LAUNCHER" />
44-->src\main\AndroidManifest.xml:26:17-77
44-->src\main\AndroidManifest.xml:26:27-74
45            </intent-filter>
46        </activity>
47        <activity android:name="com.example.weighttracker.MainActivity" />
47-->src\main\AndroidManifest.xml:29:9-59
47-->src\main\AndroidManifest.xml:29:19-47
48
49        <receiver
49-->[com.google.firebase:firebase-messaging:23.1.0] AndroidManifest.xml:31:9-38:20
50            android:name="com.google.firebase.iid.FirebaseInstanceIdReceiver"
50-->[com.google.firebase:firebase-messaging:23.1.0] AndroidManifest.xml:32:13-78
51            android:exported="true"
51-->[com.google.firebase:firebase-messaging:23.1.0] AndroidManifest.xml:33:13-36
52            android:permission="com.google.android.c2dm.permission.SEND" >
52-->[com.google.firebase:firebase-messaging:23.1.0] AndroidManifest.xml:34:13-73
53            <intent-filter>
53-->[com.google.firebase:firebase-messaging:23.1.0] AndroidManifest.xml:35:13-37:29
54                <action android:name="com.google.android.c2dm.intent.RECEIVE" />
54-->[com.google.firebase:firebase-messaging:23.1.0] AndroidManifest.xml:36:17-81
54-->[com.google.firebase:firebase-messaging:23.1.0] AndroidManifest.xml:36:25-78
55            </intent-filter>
56        </receiver>
57        <!--
58             FirebaseMessagingService performs security checks at runtime,
59             but set to not exported to explicitly avoid allowing another app to call it.
60        -->
61        <service
61-->[com.google.firebase:firebase-messaging:23.1.0] AndroidManifest.xml:44:9-51:19
62            android:name="com.google.firebase.messaging.FirebaseMessagingService"
62-->[com.google.firebase:firebase-messaging:23.1.0] AndroidManifest.xml:45:13-82
63            android:directBootAware="true"
63-->[com.google.firebase:firebase-messaging:23.1.0] AndroidManifest.xml:46:13-43
64            android:exported="false" >
64-->[com.google.firebase:firebase-messaging:23.1.0] AndroidManifest.xml:47:13-37
65            <intent-filter android:priority="-500" >
65-->[com.google.firebase:firebase-messaging:23.1.0] AndroidManifest.xml:48:13-50:29
65-->[com.google.firebase:firebase-messaging:23.1.0] AndroidManifest.xml:48:28-51
66                <action android:name="com.google.firebase.MESSAGING_EVENT" />
66-->[com.google.firebase:firebase-messaging:23.1.0] AndroidManifest.xml:49:17-78
66-->[com.google.firebase:firebase-messaging:23.1.0] AndroidManifest.xml:49:25-75
67            </intent-filter>
68        </service>
69        <service
69-->[com.google.firebase:firebase-messaging:23.1.0] AndroidManifest.xml:52:9-58:19
70            android:name="com.google.firebase.components.ComponentDiscoveryService"
70-->[com.google.firebase:firebase-messaging:23.1.0] AndroidManifest.xml:53:13-84
71            android:directBootAware="true"
71-->[com.google.firebase:firebase-common:20.2.0] AndroidManifest.xml:34:13-43
72            android:exported="false" >
72-->[com.google.firebase:firebase-messaging:23.1.0] AndroidManifest.xml:54:13-37
73            <meta-data
73-->[com.google.firebase:firebase-messaging:23.1.0] AndroidManifest.xml:55:13-57:85
74                android:name="com.google.firebase.components:com.google.firebase.messaging.FirebaseMessagingRegistrar"
74-->[com.google.firebase:firebase-messaging:23.1.0] AndroidManifest.xml:56:17-119
75                android:value="com.google.firebase.components.ComponentRegistrar" />
75-->[com.google.firebase:firebase-messaging:23.1.0] AndroidManifest.xml:57:17-82
76            <meta-data
76-->[com.google.firebase:firebase-datatransport:18.1.7] AndroidManifest.xml:27:13-29:85
77                android:name="com.google.firebase.components:com.google.firebase.datatransport.TransportRegistrar"
77-->[com.google.firebase:firebase-datatransport:18.1.7] AndroidManifest.xml:28:17-115
78                android:value="com.google.firebase.components.ComponentRegistrar" />
78-->[com.google.firebase:firebase-datatransport:18.1.7] AndroidManifest.xml:29:17-82
79            <meta-data
79-->[com.google.firebase:firebase-installations:17.1.0] AndroidManifest.xml:17:13-19:85
80                android:name="com.google.firebase.components:com.google.firebase.installations.FirebaseInstallationsRegistrar"
80-->[com.google.firebase:firebase-installations:17.1.0] AndroidManifest.xml:18:17-127
81                android:value="com.google.firebase.components.ComponentRegistrar" />
81-->[com.google.firebase:firebase-installations:17.1.0] AndroidManifest.xml:19:17-82
82        </service>
83
84        <activity
84-->[com.google.android.gms:play-services-base:18.0.1] AndroidManifest.xml:20:9-22:45
85            android:name="com.google.android.gms.common.api.GoogleApiActivity"
85-->[com.google.android.gms:play-services-base:18.0.1] AndroidManifest.xml:20:19-85
86            android:exported="false"
86-->[com.google.android.gms:play-services-base:18.0.1] AndroidManifest.xml:22:19-43
87            android:theme="@android:style/Theme.Translucent.NoTitleBar" />
87-->[com.google.android.gms:play-services-base:18.0.1] AndroidManifest.xml:21:19-78
88
89        <provider
89-->[com.google.firebase:firebase-common:20.2.0] AndroidManifest.xml:25:9-30:39
90            android:name="com.google.firebase.provider.FirebaseInitProvider"
90-->[com.google.firebase:firebase-common:20.2.0] AndroidManifest.xml:26:13-77
91            android:authorities="com.example.weighttracker.firebaseinitprovider"
91-->[com.google.firebase:firebase-common:20.2.0] AndroidManifest.xml:27:13-72
92            android:directBootAware="true"
92-->[com.google.firebase:firebase-common:20.2.0] AndroidManifest.xml:28:13-43
93            android:exported="false"
93-->[com.google.firebase:firebase-common:20.2.0] AndroidManifest.xml:29:13-37
94            android:initOrder="100" />
94-->[com.google.firebase:firebase-common:20.2.0] AndroidManifest.xml:30:13-36
95
96        <meta-data
96-->[com.google.android.gms:play-services-basement:18.1.0] AndroidManifest.xml:21:9-23:69
97            android:name="com.google.android.gms.version"
97-->[com.google.android.gms:play-services-basement:18.1.0] AndroidManifest.xml:22:13-58
98            android:value="@integer/google_play_services_version" />
98-->[com.google.android.gms:play-services-basement:18.1.0] AndroidManifest.xml:23:13-66
99
100        <provider
100-->[androidx.emoji2:emoji2:1.2.0] AndroidManifest.xml:24:9-32:20
101            android:name="androidx.startup.InitializationProvider"
101-->[androidx.emoji2:emoji2:1.2.0] AndroidManifest.xml:25:13-67
102            android:authorities="com.example.weighttracker.androidx-startup"
102-->[androidx.emoji2:emoji2:1.2.0] AndroidManifest.xml:26:13-68
103            android:exported="false" >
103-->[androidx.emoji2:emoji2:1.2.0] AndroidManifest.xml:27:13-37
104            <meta-data
104-->[androidx.emoji2:emoji2:1.2.0] AndroidManifest.xml:29:13-31:52
105                android:name="androidx.emoji2.text.EmojiCompatInitializer"
105-->[androidx.emoji2:emoji2:1.2.0] AndroidManifest.xml:30:17-75
106                android:value="androidx.startup" />
106-->[androidx.emoji2:emoji2:1.2.0] AndroidManifest.xml:31:17-49
107            <meta-data
107-->[androidx.lifecycle:lifecycle-process:2.4.1] AndroidManifest.xml:31:13-33:52
108                android:name="androidx.lifecycle.ProcessLifecycleInitializer"
108-->[androidx.lifecycle:lifecycle-process:2.4.1] AndroidManifest.xml:32:17-78
109                android:value="androidx.startup" />
109-->[androidx.lifecycle:lifecycle-process:2.4.1] AndroidManifest.xml:33:17-49
110        </provider>
111
112        <service
112-->[com.google.android.datatransport:transport-backend-cct:3.1.8] AndroidManifest.xml:28:9-34:19
113            android:name="com.google.android.datatransport.runtime.backends.TransportBackendDiscovery"
113-->[com.google.android.datatransport:transport-backend-cct:3.1.8] AndroidManifest.xml:29:13-103
114            android:exported="false" >
114-->[com.google.android.datatransport:transport-backend-cct:3.1.8] AndroidManifest.xml:30:13-37
115            <meta-data
115-->[com.google.android.datatransport:transport-backend-cct:3.1.8] AndroidManifest.xml:31:13-33:39
116                android:name="backend:com.google.android.datatransport.cct.CctBackendFactory"
116-->[com.google.android.datatransport:transport-backend-cct:3.1.8] AndroidManifest.xml:32:17-94
117                android:value="cct" />
117-->[com.google.android.datatransport:transport-backend-cct:3.1.8] AndroidManifest.xml:33:17-36
118        </service>
119        <service
119-->[com.google.android.datatransport:transport-runtime:3.1.8] AndroidManifest.xml:26:9-30:19
120            android:name="com.google.android.datatransport.runtime.scheduling.jobscheduling.JobInfoSchedulerService"
120-->[com.google.android.datatransport:transport-runtime:3.1.8] AndroidManifest.xml:27:13-117
121            android:exported="false"
121-->[com.google.android.datatransport:transport-runtime:3.1.8] AndroidManifest.xml:28:13-37
122            android:permission="android.permission.BIND_JOB_SERVICE" >
122-->[com.google.android.datatransport:transport-runtime:3.1.8] AndroidManifest.xml:29:13-69
123        </service>
124
125        <receiver
125-->[com.google.android.datatransport:transport-runtime:3.1.8] AndroidManifest.xml:32:9-34:40
126            android:name="com.google.android.datatransport.runtime.scheduling.jobscheduling.AlarmManagerSchedulerBroadcastReceiver"
126-->[com.google.android.datatransport:transport-runtime:3.1.8] AndroidManifest.xml:33:13-132
127            android:exported="false" />
127-->[com.google.android.datatransport:transport-runtime:3.1.8] AndroidManifest.xml:34:13-37
128    </application>
129
130</manifest>